This is pdfTeX, Version 3.1415926-2.5-1.40.14 (TeX Live 2013/Debian) (format=latex 2014.9.9)  3 APR 2015 14:42
entering extended mode
 restricted \write18 enabled.
 %&-line parsing enabled.
**thesis
(./thesis.tex
LaTeX2e <2011/06/27>
Babel <3.9h> and hyphenation patterns for 78 languages loaded.
(/usr/share/texlive/texmf-dist/tex/latex/base/report.cls
Document Class: report 2007/10/19 v1.4h Standard LaTeX document class
(/usr/share/texlive/texmf-dist/tex/latex/base/size12.clo
File: size12.clo 2007/10/19 v1.4h Standard LaTeX file (size option)
)
\c@part=\count79
\c@chapter=\count80
\c@section=\count81
\c@subsection=\count82
\c@subsubsection=\count83
\c@paragraph=\count84
\c@subparagraph=\count85
\c@figure=\count86
\c@table=\count87
\abovecaptionskip=\skip41
\belowcaptionskip=\skip42
\bibindent=\dimen102
)
(/usr/share/texlive/texmf-dist/tex/latex/setspace/setspace.sty
Package: setspace 2011/12/19 v6.7a set line spacing
) (./buthesis.sty
BUTHESIS.STY, version 1.2 <12 May 2009>
WARNING: Do NOT assume that this style will format your
document acceptable to the Graduate School. Read their
guidelines and compare your print-out to them.
WARNING: A thesis with different even and odd page margins is
not acceptable to the Graduate School. Use the "report" style
(and do not use the "twoside" style option) when preparing 
your final print-out.
 
) (/usr/share/texlive/texmf-dist/tex/latex/amsmath/amsmath.sty
Package: amsmath 2013/01/14 v2.14 AMS math features
\@mathmargin=\skip43

For additional information on amsmath, use the `?' option.
(/usr/share/texlive/texmf-dist/tex/latex/amsmath/amstext.sty
Package: amstext 2000/06/29 v2.01

(/usr/share/texlive/texmf-dist/tex/latex/amsmath/amsgen.sty
File: amsgen.sty 1999/11/30 v2.0
\@emptytoks=\toks14
\ex@=\dimen103
))
(/usr/share/texlive/texmf-dist/tex/latex/amsmath/amsbsy.sty
Package: amsbsy 1999/11/29 v1.2d
\pmbraise@=\dimen104
)
(/usr/share/texlive/texmf-dist/tex/latex/amsmath/amsopn.sty
Package: amsopn 1999/12/14 v2.01 operator names
)
\inf@bad=\count88
LaTeX Info: Redefining \frac on input line 210.
\uproot@=\count89
\leftroot@=\count90
LaTeX Info: Redefining \overline on input line 306.
\classnum@=\count91
\DOTSCASE@=\count92
LaTeX Info: Redefining \ldots on input line 378.
LaTeX Info: Redefining \dots on input line 381.
LaTeX Info: Redefining \cdots on input line 466.
\Mathstrutbox@=\box26
\strutbox@=\box27
\big@size=\dimen105
LaTeX Font Info:    Redeclaring font encoding OML on input line 566.
LaTeX Font Info:    Redeclaring font encoding OMS on input line 567.
\macc@depth=\count93
\c@MaxMatrixCols=\count94
\dotsspace@=\muskip10
\c@parentequation=\count95
\dspbrk@lvl=\count96
\tag@help=\toks15
\row@=\count97
\column@=\count98
\maxfields@=\count99
\andhelp@=\toks16
\eqnshift@=\dimen106
\alignsep@=\dimen107
\tagshift@=\dimen108
\tagwidth@=\dimen109
\totwidth@=\dimen110
\lineht@=\dimen111
\@envbody=\toks17
\multlinegap=\skip44
\multlinetaggap=\skip45
\mathdisplay@stack=\toks18
LaTeX Info: Redefining \[ on input line 2665.
LaTeX Info: Redefining \] on input line 2666.
)
(/usr/share/texlive/texmf-dist/tex/latex/amsfonts/amssymb.sty
Package: amssymb 2013/01/14 v3.01 AMS font symbols

(/usr/share/texlive/texmf-dist/tex/latex/amsfonts/amsfonts.sty
Package: amsfonts 2013/01/14 v3.01 Basic AMSFonts support
\symAMSa=\mathgroup4
\symAMSb=\mathgroup5
LaTeX Font Info:    Overwriting math alphabet `\mathfrak' in version `bold'
(Font)                  U/euf/m/n --> U/euf/b/n on input line 106.
))
(/usr/share/texlive/texmf-dist/tex/latex/graphics/graphicx.sty
Package: graphicx 1999/02/16 v1.0f Enhanced LaTeX Graphics (DPC,SPQR)

(/usr/share/texlive/texmf-dist/tex/latex/graphics/keyval.sty
Package: keyval 1999/03/16 v1.13 key=value parser (DPC)
\KV@toks@=\toks19
)
(/usr/share/texlive/texmf-dist/tex/latex/graphics/graphics.sty
Package: graphics 2009/02/05 v1.0o Standard LaTeX Graphics (DPC,SPQR)

(/usr/share/texlive/texmf-dist/tex/latex/graphics/trig.sty
Package: trig 1999/03/16 v1.09 sin cos tan (DPC)
)
(/usr/share/texlive/texmf-dist/tex/latex/latexconfig/graphics.cfg
File: graphics.cfg 2010/04/23 v1.9 graphics configuration of TeX Live
)
Package graphics Info: Driver file: dvips.def on input line 91.

(/usr/share/texlive/texmf-dist/tex/latex/graphics/dvips.def
File: dvips.def 1999/02/16 v3.0i Driver-dependant file (DPC,SPQR)
))
\Gin@req@height=\dimen112
\Gin@req@width=\dimen113
)
(/usr/share/texlive/texmf-dist/tex/latex/amscls/amsthm.sty
Package: amsthm 2004/08/06 v2.20
\thm@style=\toks20
\thm@bodyfont=\toks21
\thm@headfont=\toks22
\thm@notefont=\toks23
\thm@headpunct=\toks24
\thm@preskip=\skip46
\thm@postskip=\skip47
\thm@headsep=\skip48
\dth@everypar=\toks25
)
(/usr/share/texlive/texmf-dist/tex/latex/tools/verbatim.sty
Package: verbatim 2003/08/22 v1.5q LaTeX2e package for verbatim enhancements
\every@verbatim=\toks26
\verbatim@line=\toks27
\verbatim@in@stream=\read1
)
(/usr/share/texlive/texmf-dist/tex/latex/algorithmicx/algpseudocode.sty
Package: algpseudocode 

(/usr/share/texlive/texmf-dist/tex/latex/base/ifthen.sty
Package: ifthen 2001/05/26 v1.1c Standard LaTeX ifthen package (DPC)
)
(/usr/share/texlive/texmf-dist/tex/latex/algorithmicx/algorithmicx.sty
Package: algorithmicx 2005/04/27 v1.2 Algorithmicx

Document Style algorithmicx 1.2 - a greatly improved `algorithmic' style
\c@ALG@line=\count100
\c@ALG@rem=\count101
\c@ALG@nested=\count102
\ALG@tlm=\skip49
\ALG@thistlm=\skip50
\c@ALG@Lnr=\count103
\c@ALG@blocknr=\count104
\c@ALG@storecount=\count105
\c@ALG@tmpcounter=\count106
\ALG@tmplength=\skip51
)
Document Style - pseudocode environments for use with the `algorithmicx' style
) (/usr/share/texlive/texmf-dist/tex/latex/graphics/epsfig.sty
Package: epsfig 1999/02/16 v1.7a (e)psfig emulation (SPQR)
\epsfxsize=\dimen114
\epsfysize=\dimen115
)
(/usr/share/texlive/texmf-dist/tex/latex/wrapfig/wrapfig.sty
\wrapoverhang=\dimen116
\WF@size=\dimen117
\c@WF@wrappedlines=\count107
\WF@box=\box28
\WF@everypar=\toks28
Package: wrapfig 2003/01/31  v 3.6
)
(/usr/share/texlive/texmf-dist/tex/latex/base/latexsym.sty
Package: latexsym 1998/08/17 v2.2e Standard LaTeX package (lasy symbols)
\symlasy=\mathgroup6
LaTeX Font Info:    Overwriting symbol font `lasy' in version `bold'
(Font)                  U/lasy/m/n --> U/lasy/b/n on input line 47.
)
(/usr/share/texlive/texmf-dist/tex/latex/amsmath/amscd.sty
Package: amscd 1999/11/29 v2.0
\athelp@=\toks29
\minaw@=\dimen118
\bigaw@=\dimen119
\minCDarrowwidth=\dimen120
)
(/usr/share/texlive/texmf-dist/tex/latex/changebar/changebar.sty
Package: changebar 2005/09/18 v3.5c Indicate changes with marginal bars
\cb@nextpoint=\count108
\cb@topleft=\count109
\cb@topright=\count110
\cb@botleft=\count111
\cb@botright=\count112
\cb@cnta=\count113
\cb@cntb=\count114
\cb@dima=\dimen121
\cb@curbarwd=\dimen122
\cb@page=\count115
\cb@pagecount=\count116
\cb@odd@left=\dimen123
\cb@odd@right=\dimen124
\cb@even@left=\dimen125
\cb@even@right=\dimen126
\changebarwidth=\skip52
\deletebarwidth=\skip53
\changebarsep=\skip54
\c@changebargrey=\count117
\cb@write=\write3
\cb@read=\read2
\openout3 = `thesis.cb'.

)
(/usr/share/texlive/texmf-dist/tex/latex/tools/enumerate.sty
Package: enumerate 1999/03/05 v3.00 enumerate extensions (DPC)
\@enLab=\toks30
)
(/usr/share/texlive/texmf-dist/tex/latex/yfonts/yfonts.sty
Package: yfonts 2003/01/08 v1.3 (WaS)
)
(/usr/share/texlive/texmf-dist/tex/latex/mh/mathtools.sty
Package: mathtools 2013/02/12 v1.13 mathematical typesetting tools

(/usr/share/texlive/texmf-dist/tex/latex/tools/calc.sty
Package: calc 2007/08/22 v4.3 Infix arithmetic (KKT,FJ)
\calc@Acount=\count118
\calc@Bcount=\count119
\calc@Adimen=\dimen127
\calc@Bdimen=\dimen128
\calc@Askip=\skip55
\calc@Bskip=\skip56
LaTeX Info: Redefining \setlength on input line 76.
LaTeX Info: Redefining \addtolength on input line 77.
\calc@Ccount=\count120
\calc@Cskip=\skip57
)
(/usr/share/texlive/texmf-dist/tex/latex/mh/mhsetup.sty
Package: mhsetup 2010/01/21 v1.2a programming setup (MH)
)
LaTeX Info: Thecontrolsequence`\['isalreadyrobust on input line 129.
LaTeX Info: Thecontrolsequence`\]'isalreadyrobust on input line 129.
\g_MT_multlinerow_int=\count121
\l_MT_multwidth_dim=\dimen129
\origjot=\skip58
\l_MT_shortvdotswithinadjustabove_dim=\dimen130
\l_MT_shortvdotswithinadjustbelow_dim=\dimen131
\l_MT_above_intertext_sep=\dimen132
\l_MT_below_intertext_sep=\dimen133
\l_MT_above_shortintertext_sep=\dimen134
\l_MT_below_shortintertext_sep=\dimen135
)
(/usr/share/texlive/texmf-dist/tex/latex/bbm-macros/bbm.sty
Package: bbm 1999/03/15 V 1.2 provides fonts for set symbols - TH
LaTeX Font Info:    Overwriting math alphabet `\mathbbm' in version `bold'
(Font)                  U/bbm/m/n --> U/bbm/bx/n on input line 33.
LaTeX Font Info:    Overwriting math alphabet `\mathbbmss' in version `bold'
(Font)                  U/bbmss/m/n --> U/bbmss/bx/n on input line 35.
)
(/usr/share/texlive/texmf-dist/tex/latex/jknapltx/mathrsfs.sty
Package: mathrsfs 1996/01/01 Math RSFS package v1.0 (jk)
\symrsfs=\mathgroup7
)
(/usr/share/texmf/tex/latex/pgf/frontendlayer/tikz.sty
(/usr/share/texmf/tex/latex/pgf/basiclayer/pgf.sty
(/usr/share/texmf/tex/latex/pgf/utilities/pgfrcs.sty
(/usr/share/texmf/tex/generic/pgf/utilities/pgfutil-common.tex
\pgfutil@everybye=\toks31
)
(/usr/share/texmf/tex/generic/pgf/utilities/pgfutil-latex.def
\pgfutil@abb=\box29

(/usr/share/texlive/texmf-dist/tex/latex/ms/everyshi.sty
Package: everyshi 2001/05/15 v3.00 EveryShipout Package (MS)
))
(/usr/share/texmf/tex/generic/pgf/utilities/pgfrcs.code.tex
Package: pgfrcs 2010/10/25 v2.10 (rcs-revision 1.24)
))
Package: pgf 2008/01/15 v2.10 (rcs-revision 1.12)

(/usr/share/texmf/tex/latex/pgf/basiclayer/pgfcore.sty
(/usr/share/texmf/tex/latex/pgf/systemlayer/pgfsys.sty
(/usr/share/texmf/tex/generic/pgf/systemlayer/pgfsys.code.tex
Package: pgfsys 2010/06/30 v2.10 (rcs-revision 1.37)

(/usr/share/texmf/tex/generic/pgf/utilities/pgfkeys.code.tex
\pgfkeys@pathtoks=\toks32
\pgfkeys@temptoks=\toks33

(/usr/share/texmf/tex/generic/pgf/utilities/pgfkeysfiltered.code.tex
\pgfkeys@tmptoks=\toks34
))
\pgf@x=\dimen136
\pgf@y=\dimen137
\pgf@xa=\dimen138
\pgf@ya=\dimen139
\pgf@xb=\dimen140
\pgf@yb=\dimen141
\pgf@xc=\dimen142
\pgf@yc=\dimen143
\w@pgf@writea=\write4
\r@pgf@reada=\read3
\c@pgf@counta=\count122
\c@pgf@countb=\count123
\c@pgf@countc=\count124
\c@pgf@countd=\count125

(/usr/share/texmf/tex/generic/pgf/systemlayer/pgf.cfg
File: pgf.cfg 2008/05/14  (rcs-revision 1.7)
)
Package pgfsys Info: Driver file for pgf: pgfsys-dvips.def on input line 900.

(/usr/share/texmf/tex/generic/pgf/systemlayer/pgfsys-dvips.def
File: pgfsys-dvips.def 2008/04/03  (rcs-revision 1.20)

(/usr/share/texmf/tex/generic/pgf/systemlayer/pgfsys-common-postscript.def
File: pgfsys-common-postscript.def 2008/10/01  (rcs-revision 1.22)
\pgf@objectcount=\count126
)))
(/usr/share/texmf/tex/generic/pgf/systemlayer/pgfsyssoftpath.code.tex
File: pgfsyssoftpath.code.tex 2008/07/18  (rcs-revision 1.7)
\pgfsyssoftpath@smallbuffer@items=\count127
\pgfsyssoftpath@bigbuffer@items=\count128
)
(/usr/share/texmf/tex/generic/pgf/systemlayer/pgfsysprotocol.code.tex
File: pgfsysprotocol.code.tex 2006/10/16  (rcs-revision 1.4)
))
(/usr/share/texmf/tex/latex/xcolor/xcolor.sty
Package: xcolor 2007/01/21 v2.11 LaTeX color extensions (UK)

(/usr/share/texlive/texmf-dist/tex/latex/latexconfig/color.cfg
File: color.cfg 2007/01/18 v1.5 color configuration of teTeX/TeXLive
)
Package xcolor Info: Driver file: dvips.def on input line 225.
Package xcolor Info: Model `cmy' substituted by `cmy0' on input line 1337.
Package xcolor Info: Model `RGB' extended on input line 1353.
Package xcolor Info: Model `HTML' substituted by `rgb' on input line 1355.
Package xcolor Info: Model `Hsb' substituted by `hsb' on input line 1356.
Package xcolor Info: Model `tHsb' substituted by `hsb' on input line 1357.
Package xcolor Info: Model `HSB' substituted by `hsb' on input line 1358.
Package xcolor Info: Model `Gray' substituted by `gray' on input line 1359.
Package xcolor Info: Model `wave' substituted by `hsb' on input line 1360.
)
(/usr/share/texmf/tex/generic/pgf/basiclayer/pgfcore.code.tex
Package: pgfcore 2010/04/11 v2.10 (rcs-revision 1.7)

(/usr/share/texmf/tex/generic/pgf/math/pgfmath.code.tex
(/usr/share/texmf/tex/generic/pgf/math/pgfmathcalc.code.tex
(/usr/share/texmf/tex/generic/pgf/math/pgfmathutil.code.tex)
(/usr/share/texmf/tex/generic/pgf/math/pgfmathparser.code.tex
\pgfmath@dimen=\dimen144
\pgfmath@count=\count129
\pgfmath@box=\box30
\pgfmath@toks=\toks35
\pgfmath@stack@operand=\toks36
\pgfmath@stack@operation=\toks37
)
(/usr/share/texmf/tex/generic/pgf/math/pgfmathfunctions.code.tex
(/usr/share/texmf/tex/generic/pgf/math/pgfmathfunctions.basic.code.tex)
(/usr/share/texmf/tex/generic/pgf/math/pgfmathfunctions.trigonometric.code.tex)
(/usr/share/texmf/tex/generic/pgf/math/pgfmathfunctions.random.code.tex)
(/usr/share/texmf/tex/generic/pgf/math/pgfmathfunctions.comparison.code.tex)
(/usr/share/texmf/tex/generic/pgf/math/pgfmathfunctions.base.code.tex)
(/usr/share/texmf/tex/generic/pgf/math/pgfmathfunctions.round.code.tex)
(/usr/share/texmf/tex/generic/pgf/math/pgfmathfunctions.misc.code.tex)))
(/usr/share/texmf/tex/generic/pgf/math/pgfmathfloat.code.tex
\c@pgfmathroundto@lastzeros=\count130
))
(/usr/share/texmf/tex/generic/pgf/basiclayer/pgfcorepoints.code.tex
File: pgfcorepoints.code.tex 2010/04/09  (rcs-revision 1.20)
\pgf@picminx=\dimen145
\pgf@picmaxx=\dimen146
\pgf@picminy=\dimen147
\pgf@picmaxy=\dimen148
\pgf@pathminx=\dimen149
\pgf@pathmaxx=\dimen150
\pgf@pathminy=\dimen151
\pgf@pathmaxy=\dimen152
\pgf@xx=\dimen153
\pgf@xy=\dimen154
\pgf@yx=\dimen155
\pgf@yy=\dimen156
\pgf@zx=\dimen157
\pgf@zy=\dimen158
)
(/usr/share/texmf/tex/generic/pgf/basiclayer/pgfcorepathconstruct.code.tex
File: pgfcorepathconstruct.code.tex 2010/08/03  (rcs-revision 1.24)
\pgf@path@lastx=\dimen159
\pgf@path@lasty=\dimen160
)
(/usr/share/texmf/tex/generic/pgf/basiclayer/pgfcorepathusage.code.tex
File: pgfcorepathusage.code.tex 2008/04/22  (rcs-revision 1.12)
\pgf@shorten@end@additional=\dimen161
\pgf@shorten@start@additional=\dimen162
)
(/usr/share/texmf/tex/generic/pgf/basiclayer/pgfcorescopes.code.tex
File: pgfcorescopes.code.tex 2010/09/08  (rcs-revision 1.34)
\pgfpic=\box31
\pgf@hbox=\box32
\pgf@layerbox@main=\box33
\pgf@picture@serial@count=\count131
)
(/usr/share/texmf/tex/generic/pgf/basiclayer/pgfcoregraphicstate.code.tex
File: pgfcoregraphicstate.code.tex 2008/04/22  (rcs-revision 1.9)
\pgflinewidth=\dimen163
)
(/usr/share/texmf/tex/generic/pgf/basiclayer/pgfcoretransformations.code.tex
File: pgfcoretransformations.code.tex 2009/06/10  (rcs-revision 1.11)
\pgf@pt@x=\dimen164
\pgf@pt@y=\dimen165
\pgf@pt@temp=\dimen166
)
(/usr/share/texmf/tex/generic/pgf/basiclayer/pgfcorequick.code.tex
File: pgfcorequick.code.tex 2008/10/09  (rcs-revision 1.3)
)
(/usr/share/texmf/tex/generic/pgf/basiclayer/pgfcoreobjects.code.tex
File: pgfcoreobjects.code.tex 2006/10/11  (rcs-revision 1.2)
)
(/usr/share/texmf/tex/generic/pgf/basiclayer/pgfcorepathprocessing.code.tex
File: pgfcorepathprocessing.code.tex 2008/10/09  (rcs-revision 1.8)
)
(/usr/share/texmf/tex/generic/pgf/basiclayer/pgfcorearrows.code.tex
File: pgfcorearrows.code.tex 2008/04/23  (rcs-revision 1.11)
)
(/usr/share/texmf/tex/generic/pgf/basiclayer/pgfcoreshade.code.tex
File: pgfcoreshade.code.tex 2008/11/23  (rcs-revision 1.13)
\pgf@max=\dimen167
\pgf@sys@shading@range@num=\count132
)
(/usr/share/texmf/tex/generic/pgf/basiclayer/pgfcoreimage.code.tex
File: pgfcoreimage.code.tex 2010/03/25  (rcs-revision 1.16)

(/usr/share/texmf/tex/generic/pgf/basiclayer/pgfcoreexternal.code.tex
File: pgfcoreexternal.code.tex 2010/09/01  (rcs-revision 1.17)
\pgfexternal@startupbox=\box34
))
(/usr/share/texmf/tex/generic/pgf/basiclayer/pgfcorelayers.code.tex
File: pgfcorelayers.code.tex 2010/08/27  (rcs-revision 1.2)
)
(/usr/share/texmf/tex/generic/pgf/basiclayer/pgfcoretransparency.code.tex
File: pgfcoretransparency.code.tex 2008/01/17  (rcs-revision 1.2)
)
(/usr/share/texmf/tex/generic/pgf/basiclayer/pgfcorepatterns.code.tex
File: pgfcorepatterns.code.tex 2009/07/02  (rcs-revision 1.3)
)))
(/usr/share/texmf/tex/generic/pgf/modules/pgfmoduleshapes.code.tex
File: pgfmoduleshapes.code.tex 2010/09/09  (rcs-revision 1.13)
\pgfnodeparttextbox=\box35
)
(/usr/share/texmf/tex/generic/pgf/modules/pgfmoduleplot.code.tex
File: pgfmoduleplot.code.tex 2010/10/22  (rcs-revision 1.8)
)
(/usr/share/texmf/tex/latex/pgf/compatibility/pgfcomp-version-0-65.sty
Package: pgfcomp-version-0-65 2007/07/03 v2.10 (rcs-revision 1.7)
\pgf@nodesepstart=\dimen168
\pgf@nodesepend=\dimen169
)
(/usr/share/texmf/tex/latex/pgf/compatibility/pgfcomp-version-1-18.sty
Package: pgfcomp-version-1-18 2007/07/23 v2.10 (rcs-revision 1.1)
))
(/usr/share/texmf/tex/latex/pgf/utilities/pgffor.sty
(/usr/share/texmf/tex/latex/pgf/utilities/pgfkeys.sty
(/usr/share/texmf/tex/generic/pgf/utilities/pgfkeys.code.tex))
(/usr/share/texmf/tex/generic/pgf/utilities/pgffor.code.tex
Package: pgffor 2010/03/23 v2.10 (rcs-revision 1.18)
\pgffor@iter=\dimen170
\pgffor@skip=\dimen171
\pgffor@stack=\toks38
\pgffor@toks=\toks39
))
(/usr/share/texmf/tex/generic/pgf/frontendlayer/tikz/tikz.code.tex
Package: tikz 2010/10/13 v2.10 (rcs-revision 1.76)

(/usr/share/texmf/tex/generic/pgf/libraries/pgflibraryplothandlers.code.tex
File: pgflibraryplothandlers.code.tex 2010/05/31 v2.10 (rcs-revision 1.15)
\pgf@plot@mark@count=\count133
\pgfplotmarksize=\dimen172
)
\tikz@lastx=\dimen173
\tikz@lasty=\dimen174
\tikz@lastxsaved=\dimen175
\tikz@lastysaved=\dimen176
\tikzleveldistance=\dimen177
\tikzsiblingdistance=\dimen178
\tikz@figbox=\box36
\tikz@tempbox=\box37
\tikztreelevel=\count134
\tikznumberofchildren=\count135
\tikznumberofcurrentchild=\count136
\tikz@fig@count=\count137

(/usr/share/texmf/tex/generic/pgf/modules/pgfmodulematrix.code.tex
File: pgfmodulematrix.code.tex 2010/08/24  (rcs-revision 1.4)
\pgfmatrixcurrentrow=\count138
\pgfmatrixcurrentcolumn=\count139
\pgf@matrix@numberofcolumns=\count140
)
\tikz@expandcount=\count141

(/usr/share/texmf/tex/generic/pgf/frontendlayer/tikz/libraries/tikzlibrarytopat
hs.code.tex
File: tikzlibrarytopaths.code.tex 2008/06/17 v2.10 (rcs-revision 1.2)
)))
(/usr/share/texmf/tex/generic/pgf/frontendlayer/tikz/libraries/tikzlibrarydecor
ations.code.tex
(/usr/share/texmf/tex/generic/pgf/modules/pgfmoduledecorations.code.tex
\pgfdecoratedcompleteddistance=\dimen179
\pgfdecoratedremainingdistance=\dimen180
\pgfdecoratedinputsegmentcompleteddistance=\dimen181
\pgfdecoratedinputsegmentremainingdistance=\dimen182
\pgf@decorate@distancetomove=\dimen183
\pgf@decorate@repeatstate=\count142
\pgfdecorationsegmentamplitude=\dimen184
\pgfdecorationsegmentlength=\dimen185
)
\tikz@lib@dec@box=\box38
)
(/usr/share/texmf/tex/generic/pgf/frontendlayer/tikz/libraries/tikzlibraryshado
ws.code.tex
File: tikzlibraryshadows.code.tex 2008/01/13 v2.10 (rcs-revision 1.3)

(/usr/share/texmf/tex/generic/pgf/frontendlayer/tikz/libraries/tikzlibraryfadin
gs.code.tex
File: tikzlibraryfadings.code.tex 2009/11/15 v2.10 (rcs-revision 1.2)

(/usr/share/texmf/tex/generic/pgf/libraries/pgflibraryfadings.code.tex
File: pgflibraryfadings.code.tex 2008/02/07 v2.10 (rcs-revision 1.3)


Package pgf Warning: Your graphic driver pgfsys-dvips.def does not support fadi
ngs. This warning is given only once on input line 31.

))) (/usr/share/texlive/texmf-dist/tex/latex/caption/caption.sty
Package: caption 2013/05/02 v3.3-89 Customizing captions (AR)

(/usr/share/texlive/texmf-dist/tex/latex/caption/caption3.sty
Package: caption3 2013/05/02 v1.6-88 caption3 kernel (AR)
Package caption3 Info: TeX engine: e-TeX on input line 57.
\captionmargin=\dimen186
\captionmargin@=\dimen187
\captionwidth=\dimen188
\caption@tempdima=\dimen189
\caption@indent=\dimen190
\caption@parindent=\dimen191
\caption@hangindent=\dimen192
)
\c@ContinuedFloat=\count143
Package caption Info: wrapfig package is loaded.
)
(./ThesisFncychap.sty

LaTeX Warning: You have requested package `ThesisFncychap',
               but the package provides `fncychap'.

Package: fncychap 1997/04/06 v1.11 LaTeX package (Revised chapters)
\RW=\skip59
\mylen=\skip60
\myhi=\skip61
\px=\skip62
\py=\skip63
\pyy=\skip64
\pxx=\skip65
\c@AlphaCnt=\count144
\c@AlphaDecCnt=\count145
)
\@input{BjarneThesisTitles.aux}
\openout2 = `BjarneThesisTitles.aux'.

(./BjarneThesisTitles.tex)
(/usr/share/texlive/texmf-dist/tex/latex/tocloft/tocloft.sty
Package: tocloft 2013/05/02 v2.3f parameterised ToC, etc., typesetting
Package tocloft Info: The document has chapter divisions on input line 44.
\cftparskip=\skip66
\cftbeforetoctitleskip=\skip67
\cftaftertoctitleskip=\skip68
\cftbeforepartskip=\skip69
\cftpartnumwidth=\skip70
\cftpartindent=\skip71
\cftbeforechapskip=\skip72
\cftchapindent=\skip73
\cftchapnumwidth=\skip74
\cftbeforesecskip=\skip75
\cftsecindent=\skip76
\cftsecnumwidth=\skip77
\cftbeforesubsecskip=\skip78
\cftsubsecindent=\skip79
\cftsubsecnumwidth=\skip80
\cftbeforesubsubsecskip=\skip81
\cftsubsubsecindent=\skip82
\cftsubsubsecnumwidth=\skip83
\cftbeforeparaskip=\skip84
\cftparaindent=\skip85
\cftparanumwidth=\skip86
\cftbeforesubparaskip=\skip87
\cftsubparaindent=\skip88
\cftsubparanumwidth=\skip89
\cftbeforeloftitleskip=\skip90
\cftafterloftitleskip=\skip91
\cftbeforefigskip=\skip92
\cftfigindent=\skip93
\cftfignumwidth=\skip94
\c@lofdepth=\count146
\c@lotdepth=\count147
\cftbeforelottitleskip=\skip95
\cftafterlottitleskip=\skip96
\cftbeforetabskip=\skip97
\cfttabindent=\skip98
\cfttabnumwidth=\skip99
) (./thesis.aux)
\openout1 = `thesis.aux'.

LaTeX Font Info:    Checking defaults for OML/cmm/m/it on input line 70.
LaTeX Font Info:    ... okay on input line 70.
LaTeX Font Info:    Checking defaults for T1/cmr/m/n on input line 70.
LaTeX Font Info:    ... okay on input line 70.
LaTeX Font Info:    Checking defaults for OT1/cmr/m/n on input line 70.
LaTeX Font Info:    ... okay on input line 70.
LaTeX Font Info:    Checking defaults for OMS/cmsy/m/n on input line 70.
LaTeX Font Info:    ... okay on input line 70.
LaTeX Font Info:    Checking defaults for OMX/cmex/m/n on input line 70.
LaTeX Font Info:    ... okay on input line 70.
LaTeX Font Info:    Checking defaults for U/cmr/m/n on input line 70.
LaTeX Font Info:    ... okay on input line 70.
LaTeX Font Info:    Checking defaults for LY/yfrak/m/n on input line 70.
LaTeX Font Info:    ... okay on input line 70.
LaTeX Font Info:    Checking defaults for LYG/ygoth/m/n on input line 70.
LaTeX Font Info:    ... okay on input line 70.

ABD: EveryShipout initializing macros
Package caption Info: Begin \AtBeginDocument code.
Package caption Info: End \AtBeginDocument code.
 [1



] [2


]
LaTeX Font Info:    Try loading font information for OMS+cmr on input line 76.

(/usr/share/texlive/texmf-dist/tex/latex/base/omscmr.fd
File: omscmr.fd 1999/05/25 v2.5h Standard LaTeX font definitions
)
LaTeX Font Info:    Font shape `OMS/cmr/m/n' in size <12> not available
(Font)              Font shape `OMS/cmsy/m/n' tried instead on input line 76.
LaTeX Font Info:    Try loading font information for U+msa on input line 76.

(/usr/share/texlive/texmf-dist/tex/latex/amsfonts/umsa.fd
File: umsa.fd 2013/01/14 v3.01 AMS symbols A
)
LaTeX Font Info:    Try loading font information for U+msb on input line 76.

(/usr/share/texlive/texmf-dist/tex/latex/amsfonts/umsb.fd
File: umsb.fd 2013/01/14 v3.01 AMS symbols B
)
LaTeX Font Info:    Try loading font information for U+lasy on input line 76.

(/usr/share/texlive/texmf-dist/tex/latex/base/ulasy.fd
File: ulasy.fd 1998/08/17 v2.2e LaTeX symbol font definitions
)
LaTeX Font Info:    Try loading font information for U+rsfs on input line 76.

(/usr/share/texlive/texmf-dist/tex/latex/jknapltx/ursfs.fd
File: ursfs.fd 1998/03/24 rsfs font definition file (jk)
) [3] [4


] [5]
[6


] (./content/vita.tex) [7] [8


]
Acknowledgments
(./content/acknowledgments.tex) [9] [10


] (./content/abstract.tex) [11] [10


]
(./thesis.toc
Underfull \vbox (badness 10000) has occurred while \output is active []

 [11

])
\tf@toc=\write5
\openout5 = `thesis.toc'.


[12]

LaTeX Font Warning: Font shape `OT1/cmr/m/n' in size <11.5> not available
(Font)              size <12> substituted on input line 110.

(./thesis.lot)
\tf@lot=\write6
\openout6 = `thesis.lot'.

 [13



] [14


] (./thesis.lof
LaTeX Font Info:    Calculating math sizes for size <11.5> on input line 2.


LaTeX Font Warning: Font shape `OML/cmm/m/it' in size <11.5> not available
(Font)              size <12> substituted on input line 2.


LaTeX Font Warning: Font shape `OMS/cmsy/m/n' in size <11.5> not available
(Font)              size <12> substituted on input line 2.


LaTeX Font Warning: Font shape `U/lasy/m/n' in size <11.5> not available
(Font)              size <12> substituted on input line 2.


LaTeX Font Warning: Font shape `U/rsfs/m/n' in size <11.5> not available
(Font)              size <12> substituted on input line 2.


Overfull \hbox (34.82796pt too wide) in paragraph at lines 20--20
 [][] []\OT1/cmr/m/n/12 Building game enu-mer-a-tive shella-bil-ity re-sults fo
r the Pla-tonic, Archimedean, 
 []


Underfull \vbox (badness 10000) has occurred while \output is active []

 [15

]
Overfull \hbox (5.78796pt too wide) in paragraph at lines 55--55
 \OT1/cmr/m/n/12 in hyper-cubes of in-creas-ing di-men-sion across dif-fer-ent 
choices of timestep. []  
 []

)
\tf@lof=\write7
\openout7 = `thesis.lof'.

 [16]
\c@mythm=\count148
\c@mylem=\count149
\c@mycor=\count150
\c@mydef=\count151
\c@mycon=\count152

Chapter 1.

Underfull \hbox (badness 10000) in alignment at lines 148--148
[]
 []

[1



] (./content/intro.tex
Underfull \vbox (badness 10000) has occurred while \output is active []

 [2]
[3]
Overfull \hbox (5.47191pt too wide) in paragraph at lines 34--35
[]\OT1/cmr/m/n/12 Fujita et. al. have the-o-rized and sub-se-quently syn-the-si
zed a fam-ily of organometal-
 []

[4]
Underfull \vbox (badness 10000) has occurred while \output is active []

 [5]
[6] [7] [8] [9] [10]) [11] [12


]
Chapter 2.

Underfull \hbox (badness 10000) in alignment at lines 152--152
[]
 []

[13

] (./content/bg_modeling.tex
Underfull \vbox (badness 1946) has occurred while \output is active []

 [14]

Package amsmath Warning: Foreign command \atopwithdelims;
(amsmath)                \frac or \genfrac should be used instead
(amsmath)                 on input line 22.

File: ./images/tetrahedron_states.eps Graphic file (type eps)
<./images/tetrahedron_states.eps>
File: ./images/octa_state_or_not.eps Graphic file (type eps)
 <./images/octa_state_or_not.eps> [15]
[16] [17]
File: ./images/octa_stabilizers.eps Graphic file (type eps)
 <./images/octa_stabilizers.eps> [18] [19]
LaTeX Font Info:    Font shape `OMS/cmr/m/it' in size <12> not available
(Font)              Font shape `OMS/cmsy/m/n' tried instead on input line 154.

Overfull \hbox (40.39418pt too wide) in paragraph at lines 175--176
[]\OT1/cmr/bx/n/12 Definition 8. []\OT1/cmr/m/it/12 A Build-ing Game \OT1/cmr/b
x/it/12 path-way \OT1/cmr/m/it/12 is a se-quence of in-ter-me-di-ates $\OT1/cmr
/m/n/12 [\OML/cmm/m/it/12 x[]\OT1/cmr/m/n/12 ]\OML/cmm/m/it/12 ; \OT1/cmr/m/n/1
2 [\OML/cmm/m/it/12 x[]\OT1/cmr/m/n/12 ]\OML/cmm/m/it/12 ; [] ; \OT1/cmr/m/n/12
 [\OML/cmm/m/it/12 x[]\OT1/cmr/m/n/12 ]$
 []

File: ./images/octa_path.eps Graphic file (type eps)
<./images/octa_path.eps> [20]
File: ./images/cube_ccs.eps Graphic file (type eps)
 <./images/cube_ccs.eps> [21]
File: ./images/cube_degen.eps Graphic file (type eps)

<./images/cube_degen.eps> [22] [23]
Underfull \vbox (badness 10000) has occurred while \output is active []

 [24]
Underfull \vbox (badness 10000) has occurred while \output is active []

 [25]
[26]
Underfull \vbox (badness 10000) has occurred while \output is active []

 [27]
Underfull \vbox (badness 10000) has occurred while \output is active []

 [28]
Underfull \vbox (badness 10000) has occurred while \output is active []

 [29]
LaTeX Font Info:    Try loading font information for U+bbm on input line 507.

(/usr/share/texlive/texmf-dist/tex/latex/bbm-macros/ubbm.fd
File: ubbm.fd 1999/03/15 V 1.2 Font definition for bbm font - TH
)
Underfull \vbox (badness 10000) has occurred while \output is active []

 [30]
Underfull \vbox (badness 10000) has occurred while \output is active []

 [31]
Underfull \vbox (badness 10000) has occurred while \output is active []

 [32]
Underfull \vbox (badness 10000) has occurred while \output is active []

 [33])
[34]
Chapter 3.

Underfull \hbox (badness 10000) in alignment at lines 156--156
[]
 []

[35



] (./content/bg_enumeration.tex
File: images/tetris.eps Graphic file (type eps)
 <images/tetris.eps>
Underfull \vbox (badness 1057) has occurred while \output is active []

 [36]
Underfull \vbox (badness 1194) has occurred while \output is active []

 [37]
File: images/polys_face_int.eps Graphic file (type eps)

<images/polys_face_int.eps>
Overfull \hbox (4.34044pt too wide) in paragraph at lines 63--64
 [][] 
 []

File: images/polys_face_con.eps Graphic file (type eps)
<images/polys_face_con.eps>
Overfull \hbox (4.34044pt too wide) in paragraph at lines 69--70
[][] 
 []

File: images/polys_face_path.eps Graphic file (type eps)
<images/polys_face_path.eps>
Overfull \hbox (4.34044pt too wide) in paragraph at lines 75--76
[][] 
 []

File: images/polys_int_con.eps Graphic file (type eps)
<images/polys_int_con.eps>
Overfull \hbox (4.34044pt too wide) in paragraph at lines 82--83
 [][] 
 []

File: images/polys_int_path.eps Graphic file (type eps)
<images/polys_int_path.eps>
Overfull \hbox (4.34044pt too wide) in paragraph at lines 89--90
 [][] 
 []

File: images/polys_con_path.eps Graphic file (type eps)
<images/polys_con_path.eps>
Overfull \hbox (4.34044pt too wide) in paragraph at lines 96--97
 [][] 
 []

[38] [39] [40]
Overfull \hbox (60.49995pt too wide) in paragraph at lines 163--186
 [][] 
 []

File: images/polys_face_shell_int.eps Graphic file (type eps)
<images/polys_face_shell_int.eps>
Overfull \hbox (4.34044pt too wide) in paragraph at lines 191--192
[][] 
 []

File: images/polys_face_shell_con.eps Graphic file (type eps)
<images/polys_face_shell_con.eps>
Overfull \hbox (4.34044pt too wide) in paragraph at lines 197--198
[][] 
 []

File: images/polys_face_shell_path.eps Graphic file (type eps)
<images/polys_face_shell_path.eps>
Overfull \hbox (4.34044pt too wide) in paragraph at lines 203--204
[][] 
 []

[41]
Overfull \hbox (104.1737pt too wide) in paragraph at lines 225--225
[] 
 []


Underfull \vbox (badness 10000) has occurred while \output is active []

 [42]
Underfull \vbox (badness 10000) has occurred while \output is active []

 [43]
Underfull \vbox (badness 10000) has occurred while \output is active []

 [44]
File: images/polys_face_shellings.eps Graphic file (type eps)

<images/polys_face_shellings.eps>
Overfull \hbox (4.34044pt too wide) in paragraph at lines 274--275
[][] 
 []


Underfull \vbox (badness 10000) has occurred while \output is active []

 [45]
Underfull \vbox (badness 10000) has occurred while \output is active []

 [46]
Underfull \vbox (badness 10000) has occurred while \output is active []

 [47]
Underfull \vbox (badness 10000) has occurred while \output is active []

 [48]
[49]
Underfull \vbox (badness 2980) has occurred while \output is active []

 [50]
Underfull \vbox (badness 3240) has occurred while \output is active []

 [51]
[52]
Underfull \vbox (badness 1082) has occurred while \output is active []

 [53]
[54]
Underfull \vbox (badness 1400) has occurred while \output is active []

 [55])
[56]
Chapter 4.

Underfull \hbox (badness 10000) in alignment at lines 160--160
[]
 []

[57



] (./content/constraint.tex [58]
Overfull \hbox (35.55127pt too wide) in paragraph at lines 10--11
[]\OT1/cmr/m/n/12 The \OT1/cmr/m/it/12 con-fig-u-ra-tion space \OT1/cmr/m/n/12 
is de-fined to be the sub-set of am-bi-ent space $[]$
 []


Underfull \vbox (badness 10000) has occurred while \output is active []

 [59]
[60] [61]
Underfull \vbox (badness 10000) has occurred while \output is active []

 [62]
[63]
Underfull \vbox (badness 10000) has occurred while \output is active []

 [64]
Underfull \vbox (badness 1237) has occurred while \output is active []

 [65]
[66] [67] [68] [69]
File: ./images/cube_dof_hist.eps Graphic file (type eps)
 <./images/cube_dof_hist.eps>
Overfull \hbox (4.33603pt too wide) in paragraph at lines 221--222
 [][] 
 []

File: ./images/octahedron_dof_hist.eps Graphic file (type eps)
<./images/octahedron_dof_hist.eps>
Overfull \hbox (4.33603pt too wide) in paragraph at lines 228--229
 [][] 
 []

File: ./images/dodecahedron_dof_hist.eps Graphic file (type eps)
<./images/dodecahedron_dof_hist.eps>
Overfull \hbox (4.33603pt too wide) in paragraph at lines 235--236
 [][] 
 []

File: ./images/icosahedron_dof_hist.eps Graphic file (type eps)
<./images/icosahedron_dof_hist.eps>
Overfull \hbox (4.33603pt too wide) in paragraph at lines 242--243
 [][] 
 []

File: ./images/cube_dof_hist_facecount.eps Graphic file (type eps)
<./images/cube_dof_hist_facecount.eps>
Overfull \hbox (76.60382pt too wide) in paragraph at lines 250--251
 [][] 
 []

File: ./images/octahedron_dof_hist_facecount.eps Graphic file (type eps)
<./images/octahedron_dof_hist_facecount.eps>
Overfull \hbox (76.60382pt too wide) in paragraph at lines 257--258
 [][] 
 []

File: ./images/dodecahedron_dof_hist_facecount.eps Graphic file (type eps)
<./images/dodecahedron_dof_hist_facecount.eps>
Overfull \hbox (40.46661pt too wide) in paragraph at lines 264--265
 [][] 
 []

File: ./images/icosahedron_dof_hist_facecount.eps Graphic file (type eps)
<./images/icosahedron_dof_hist_facecount.eps>
Overfull \hbox (76.60382pt too wide) in paragraph at lines 271--272
 [][] 
 []


Underfull \vbox (badness 10000) has occurred while \output is active []

 [70]
Underfull \vbox (badness 10000) has occurred while \output is active []

 [71])
Underfull \vbox (badness 3579) has occurred while \output is active []

 [72]
[73] [74] [75] [76]
Chapter 5.

Underfull \hbox (badness 10000) in alignment at lines 164--164
[]
 []

[77



] (./content/constraint_processes.tex
Underfull \vbox (badness 10000) has occurred while \output is active []

 [78]
[79] [80] [81]
Underfull \vbox (badness 10000) has occurred while \output is active []

 [82]
Underfull \vbox (badness 6493) has occurred while \output is active []

 [83]
File: images/unitary_3_hist.eps Graphic file (type eps)

<images/unitary_3_hist.eps>
Overfull \hbox (4.34044pt too wide) in paragraph at lines 308--309
 [][] 
 []

File: images/unitary_10_hist.eps Graphic file (type eps)
<images/unitary_10_hist.eps>
Overfull \hbox (4.34044pt too wide) in paragraph at lines 315--316
 [][] 
 []

File: images/T2_diagram.eps Graphic file (type eps)
<images/T2_diagram.eps>
File: images/T2_1.eps Graphic file (type eps)
 <images/T2_1.eps>
Overfull \hbox (4.34044pt too wide) in paragraph at lines 334--335
 [][] 
 []


Underfull \vbox (badness 10000) has occurred while \output is active []

 [84]

LaTeX Warning: Reference `figT3_diagram' on page 85 undefined on input line 339
.

File: images/T3_diagram.eps Graphic file (type eps)
<images/T3_diagram.eps>
File: images/T3_1_2D.eps Graphic file (type eps)
 <images/T3_1_2D.eps>
Overfull \hbox (4.34044pt too wide) in paragraph at lines 350--351
 [][] 
 []

[85]
File: images/T2_3.eps Graphic file (type eps)
 <images/T2_3.eps>
Overfull \hbox (4.34044pt too wide) in paragraph at lines 362--363
 [][] 
 []

File: images/T3_3_2D.eps Graphic file (type eps)
<images/T3_3_2D.eps>
Overfull \hbox (4.34044pt too wide) in paragraph at lines 369--370
 [][] 
 []

File: images/T3_4_2D.eps Graphic file (type eps)
<images/T3_4_2D.eps>
Overfull \hbox (4.34044pt too wide) in paragraph at lines 372--373
 [][] 
 []

[86]
File: images/T2_4.eps Graphic file (type eps)
 <images/T2_4.eps>
Overfull \hbox (4.34044pt too wide) in paragraph at lines 381--382
 [][] 
 []


Underfull \vbox (badness 10000) has occurred while \output is active []

 [87]
File: images/T3_5_2D.eps Graphic file (type eps)

<images/T3_5_2D.eps>
Overfull \hbox (4.34044pt too wide) in paragraph at lines 388--389
 [][] 
 []


Underfull \vbox (badness 10000) has occurred while \output is active []

 [88]
Underfull \vbox (badness 10000) has occurred while \output is active []

 [89]
Underfull \vbox (badness 10000) has occurred while \output is active []

 [90]
Underfull \vbox (badness 10000) has occurred while \output is active []

 [91]
File: images/T2_5.eps Graphic file (type eps)

<images/T2_5.eps>
Overfull \hbox (4.34044pt too wide) in paragraph at lines 422--423
 [][] 
 []

File: images/T3_6_2D.eps Graphic file (type eps)
<images/T3_6_2D.eps>
Overfull \hbox (4.34044pt too wide) in paragraph at lines 429--430
 [][] 
 []


Underfull \vbox (badness 10000) has occurred while \output is active []

 [92]
[93]
File: images/rejection_finite.eps Graphic file (type eps)
 <images/rejection_finite.eps>
Overfull \hbox (4.3294pt too wide) in paragraph at lines 469--470
 [][] 
 []


Package caption Warning: \label without proper \caption on input line 478.
See the caption package documentation for explanation.


LaTeX Warning: Reference `fig:T2_2' on page 94 undefined on input line 476.

File: images/T2_2.eps Graphic file (type eps)
<images/T2_2.eps>
Overfull \hbox (4.34044pt too wide) in paragraph at lines 480--481
 [][] 
 []

File: images/T3_2_2D.eps Graphic file (type eps)
<images/T3_2_2D.eps>
Overfull \hbox (4.34044pt too wide) in paragraph at lines 488--489
 [][] 
 []

[94]
File: images/T2_6.eps Graphic file (type eps)
 <images/T2_6.eps>
Overfull \hbox (4.34044pt too wide) in paragraph at lines 496--497
 [][] 
 []

File: images/T3_7_2D.eps Graphic file (type eps)
<images/T3_7_2D.eps>
Overfull \hbox (4.34044pt too wide) in paragraph at lines 503--504
 [][] 
 []


Package caption Warning: \label without proper \caption on input line 494.
See the caption package documentation for explanation.


LaTeX Warning: Reference `fig:T2_6' on page 95 undefined on input line 508.


Package caption Warning: \label without proper \caption on input line 501.
See the caption package documentation for explanation.


LaTeX Warning: Reference `fig:T3_7' on page 95 undefined on input line 508.

) [95] [96] [97] [98] [99] [100] [101] [102


]
Chapter 6.

Underfull \hbox (badness 10000) in alignment at lines 168--168
[]
 []

[103

] (./content/results.tex [104]
Underfull \vbox (badness 10000) has occurred while \output is active []

 [105]
File: images/octahedron_pi.eps Graphic file (type eps)

<images/octahedron_pi.eps>
Overfull \hbox (4.34044pt too wide) in paragraph at lines 44--45
 [][] 
 []


Package caption Warning: \label without proper \caption on input line 42.
See the caption package documentation for explanation.


LaTeX Warning: Reference `fig:OctaPi' on page 106 undefined on input line 47.

File: images/octahedron_log_pi.eps Graphic file (type eps)
<images/octahedron_log_pi.eps>
Overfull \hbox (4.34044pt too wide) in paragraph at lines 51--52
 [][] 
 []


Package caption Warning: \label without proper \caption on input line 49.
See the caption package documentation for explanation.


LaTeX Warning: Reference `fig:OctaLogPi' on page 106 undefined on input line 54
.

File: images/octahedron_finite_dist.eps Graphic file (type eps)
<images/octahedron_finite_dist.eps>
Overfull \hbox (4.34044pt too wide) in paragraph at lines 60--61
 [][] 
 []

File: images/octahedron_ccs.eps Graphic file (type eps)
<images/octahedron_ccs.eps>
Overfull \hbox (91.0653pt too wide) in paragraph at lines 68--69
 [][] 
 []


Package caption Warning: \label without proper \caption on input line 66.
See the caption package documentation for explanation.


LaTeX Warning: Reference `fig:OctaCCS' on page 106 undefined on input line 72.


Underfull \vbox (badness 3029) has occurred while \output is active []

 [106]
File: images/octahedron_pi_Q_grid.eps Graphic file (type eps)

<images/octahedron_pi_Q_grid.eps>
Overfull \hbox (47.70067pt too wide) in paragraph at lines 78--79
 [][] 
 []

File: images/octahedron_tau.eps Graphic file (type eps)
<images/octahedron_tau.eps>
Overfull \hbox (4.34044pt too wide) in paragraph at lines 86--87
 [][] 
 []

) [107] [108] [109] [110] (./thesis.bbl [111



]) [112] (./thesis.aux)

LaTeX Font Warning: Size substitutions with differences
(Font)              up to 4.0pt have occurred.


LaTeX Warning: There were undefined references.

 ) 
Here is how much of TeX's memory you used:
 13606 strings out of 493305
 249494 string characters out of 6139898
 309786 words of memory out of 5000000
 16670 multiletter control sequences out of 15000+600000
 24886 words of font info for 109 fonts, out of 8000000 for 9000
 957 hyphenation exceptions out of 8191
 56i,19n,69p,1282b,380s stack positions out of 5000i,500n,10000p,200000b,80000s

Output written on thesis.dvi (130 pages, 266088 bytes).
